<?xml version="1.0" encoding="UTF-8"?>
<!-- Generated by org.testng.reporters.JUnitReportReporter -->
<testsuite hostname="DESKTOP-Q4E5VNR" failures="0" tests="3" name="TheScoreGroupId.TheScoreArtifactId.TestScript" time="79.028" errors="0" timestamp="2023-02-10T20:56:48 EST" skipped="0">
  <testcase classname="TheScoreGroupId.TheScoreArtifactId.TestScript" name="theScoreLeagueSelection" time="26.498"/>
  <system-out/>
  <testcase classname="TheScoreGroupId.TheScoreArtifactId.TestScript" name="theScoreLeagueSelection" time="28.123"/>
  <system-out/>
  <testcase classname="TheScoreGroupId.TheScoreArtifactId.TestScript" name="theScoreLeagueSelection" time="24.407"/>
  <system-out/>
</testsuite> <!-- TheScoreGroupId.TheScoreArtifactId.TestScript -->
