<?xml version="1.0" encoding="UTF-8"?>
<!-- Generated by org.testng.reporters.JUnitReportReporter -->
<testsuite hostname="DESKTOP-Q4E5VNR" failures="0" tests="3" name="TheScoreGroupId.TheScoreArtifactId.TestScript" time="78.069" errors="0" timestamp="2023-02-13T18:00:07 EST" skipped="0">
  <testcase classname="TheScoreGroupId.TheScoreArtifactId.TestScript" name="theScoreLeagueSelection" time="24.698"/>
  <system-out/>
  <testcase classname="TheScoreGroupId.TheScoreArtifactId.TestScript" name="theScoreLeagueSelection" time="27.501"/>
  <system-out/>
  <testcase classname="TheScoreGroupId.TheScoreArtifactId.TestScript" name="theScoreLeagueSelection" time="25.870"/>
  <system-out/>
</testsuite> <!-- TheScoreGroupId.TheScoreArtifactId.TestScript -->
